<?xml version="1.0" encoding="UTF-8"?>
<!-- Generated by org.testng.reporters.JUnitReportReporter -->
<testsuite hostname="LSTKMY232811" failures="0" tests="1" name="app.tsd.googleTest" time="2.492" errors="0" timestamp="2021-07-27T10:18:22 CDT" skipped="0">
  <testcase classname="app.tsd.googleTest" name="test" time="2.492"/>
  <system-out/>
</testsuite> <!-- app.tsd.googleTest -->
