<?xml version="1.0" encoding="UTF-8"?>
<!-- Generated by org.testng.reporters.JUnitReportReporter -->
<testsuite hostname="LSTKMY232811" failures="0" tests="1" name="app.tsd.blazeTest" time="1.667" errors="0" timestamp="2021-07-28T16:26:02 CDT" skipped="0">
  <testcase classname="app.tsd.blazeTest" name="test" time="1.667"/>
  <system-out/>
</testsuite> <!-- app.tsd.blazeTest -->
