<?xml version="1.0" encoding="UTF-8"?>
<!-- Generated by org.testng.reporters.JUnitReportReporter -->
<testsuite hostname="LSTKMY232840" failures="0" tests="3" name="app.tsd.blazeTest" time="7.645" errors="0" timestamp="2021-07-30T17:15:03 CDT" skipped="0">
  <testcase classname="app.tsd.blazeTest" name="logIn" time="1.047"/>
  <system-out/>
  <testcase classname="app.tsd.blazeTest" name="addCart" time="4.356"/>
  <system-out/>
  <testcase classname="app.tsd.blazeTest" name="purchaseOrder" time="2.242"/>
  <system-out/>
</testsuite> <!-- app.tsd.blazeTest -->
