<?xml version="1.0" encoding="UTF-8"?>
<!-- Generated by org.testng.reporters.JUnitReportReporter -->
<testsuite hostname="LSTKMY232811" failures="0" tests="2" name="app.tsd.blazeTest" time="9.019" errors="0" timestamp="2021-07-29T16:36:01 CDT" skipped="0">
  <testcase classname="app.tsd.blazeTest" name="logIn" time="6.117"/>
  <system-out/>
  <testcase classname="app.tsd.blazeTest" name="addCart" time="2.902"/>
  <system-out/>
</testsuite> <!-- app.tsd.blazeTest -->
